This is pdfTeX, Version 3.1415926-2.5-1.40.14 (TeX Live 2013) (format=pdflatex 2016.7.7)  26 JUL 2017 14:20
entering extended mode
 restricted \write18 enabled.
 %&-line parsing enabled.
**shared-snps-chr1-qfiltered.tex
(./shared-snps-chr1-qfiltered.tex
LaTeX2e <2011/06/27>
Babel <v3.8m> and hyphenation patterns for english, dumylang, nohyphenation, lo
aded.
(/usr/share/texlive/texmf-dist/tex/latex/base/article.cls
Document Class: article 2007/10/19 v1.4h Standard LaTeX document class
(/usr/share/texlive/texmf-dist/tex/latex/base/size10.clo
File: size10.clo 2007/10/19 v1.4h Standard LaTeX file (size option)
)
\c@part=\count79
\c@section=\count80
\c@subsection=\count81
\c@subsubsection=\count82
\c@paragraph=\count83
\c@subparagraph=\count84
\c@figure=\count85
\c@table=\count86
\abovecaptionskip=\skip41
\belowcaptionskip=\skip42
\bibindent=\dimen102
)
(/usr/share/texlive/texmf-dist/tex/latex/graphics/graphicx.sty
Package: graphicx 1999/02/16 v1.0f Enhanced LaTeX Graphics (DPC,SPQR)

(/usr/share/texlive/texmf-dist/tex/latex/graphics/keyval.sty
Package: keyval 1999/03/16 v1.13 key=value parser (DPC)
\KV@toks@=\toks14
)
(/usr/share/texlive/texmf-dist/tex/latex/graphics/graphics.sty
Package: graphics 2009/02/05 v1.0o Standard LaTeX Graphics (DPC,SPQR)

(/usr/share/texlive/texmf-dist/tex/latex/graphics/trig.sty
Package: trig 1999/03/16 v1.09 sin cos tan (DPC)
)
(/usr/share/texlive/texmf-dist/tex/latex/latexconfig/graphics.cfg
File: graphics.cfg 2010/04/23 v1.9 graphics configuration of TeX Live
)
Package graphics Info: Driver file: pdftex.def on input line 91.

(/usr/share/texlive/texmf-dist/tex/latex/pdftex-def/pdftex.def
File: pdftex.def 2011/05/27 v0.06d Graphics/color for pdfTeX

(/usr/share/texlive/texmf-dist/tex/generic/oberdiek/infwarerr.sty
Package: infwarerr 2010/04/08 v1.3 Providing info/warning/error messages (HO)
)
(/usr/share/texlive/texmf-dist/tex/generic/oberdiek/ltxcmds.sty
Package: ltxcmds 2011/11/09 v1.22 LaTeX kernel commands for general use (HO)
)
\Gread@gobject=\count87
))
\Gin@req@height=\dimen103
\Gin@req@width=\dimen104
)
(/usr/share/texlive/texmf-dist/tex/latex/graphics/color.sty
Package: color 2005/11/14 v1.0j Standard LaTeX Color (DPC)

(/usr/share/texlive/texmf-dist/tex/latex/latexconfig/color.cfg
File: color.cfg 2007/01/18 v1.5 color configuration of teTeX/TeXLive
)
Package color Info: Driver file: pdftex.def on input line 130.
)
(/usr/share/texlive/texmf-dist/tex/latex/framed/framed.sty
Package: framed 2011/10/22 v 0.96: framed or shaded text with page breaks
\OuterFrameSep=\skip43
\fb@frw=\dimen105
\fb@frh=\dimen106
\FrameRule=\dimen107
\FrameSep=\dimen108
)
(/usr/share/texlive/texmf-dist/tex/latex/base/alltt.sty
Package: alltt 1997/06/16 v2.0g defines alltt environment
)
(/usr/share/texlive/texmf-dist/tex/latex/geometry/geometry.sty
Package: geometry 2010/09/12 v5.6 Page Geometry

(/usr/share/texlive/texmf-dist/tex/generic/oberdiek/ifpdf.sty
Package: ifpdf 2011/01/30 v2.3 Provides the ifpdf switch (HO)
Package ifpdf Info: pdfTeX in PDF mode is detected.
)
(/usr/share/texlive/texmf-dist/tex/generic/oberdiek/ifvtex.sty
Package: ifvtex 2010/03/01 v1.5 Detect VTeX and its facilities (HO)
Package ifvtex Info: VTeX not detected.
)
(/usr/share/texlive/texmf-dist/tex/generic/ifxetex/ifxetex.sty
Package: ifxetex 2010/09/12 v0.6 Provides ifxetex conditional
)
\Gm@cnth=\count88
\Gm@cntv=\count89
\c@Gm@tempcnt=\count90
\Gm@bindingoffset=\dimen109
\Gm@wd@mp=\dimen110
\Gm@odd@mp=\dimen111
\Gm@even@mp=\dimen112
\Gm@layoutwidth=\dimen113
\Gm@layoutheight=\dimen114
\Gm@layouthoffset=\dimen115
\Gm@layoutvoffset=\dimen116
\Gm@dimlist=\toks15
)
(/usr/share/texlive/texmf-dist/tex/latex/hyperref/hyperref.sty
Package: hyperref 2012/11/06 v6.83m Hypertext links for LaTeX

(/usr/share/texlive/texmf-dist/tex/generic/oberdiek/hobsub-hyperref.sty
Package: hobsub-hyperref 2012/05/28 v1.13 Bundle oberdiek, subset hyperref (HO)


(/usr/share/texlive/texmf-dist/tex/generic/oberdiek/hobsub-generic.sty
Package: hobsub-generic 2012/05/28 v1.13 Bundle oberdiek, subset generic (HO)
Package: hobsub 2012/05/28 v1.13 Construct package bundles (HO)
Package hobsub Info: Skipping package `infwarerr' (already loaded).
Package hobsub Info: Skipping package `ltxcmds' (already loaded).
Package: ifluatex 2010/03/01 v1.3 Provides the ifluatex switch (HO)
Package ifluatex Info: LuaTeX not detected.
Package hobsub Info: Skipping package `ifvtex' (already loaded).
Package: intcalc 2007/09/27 v1.1 Expandable calculations with integers (HO)
Package hobsub Info: Skipping package `ifpdf' (already loaded).
Package: etexcmds 2011/02/16 v1.5 Avoid name clashes with e-TeX commands (HO)
Package etexcmds Info: Could not find \expanded.
(etexcmds)             That can mean that you are not using pdfTeX 1.50 or
(etexcmds)             that some package has redefined \expanded.
(etexcmds)             In the latter case, load this package earlier.
Package: kvsetkeys 2012/04/25 v1.16 Key value parser (HO)
Package: kvdefinekeys 2011/04/07 v1.3 Define keys (HO)
Package: pdftexcmds 2011/11/29 v0.20 Utility functions of pdfTeX for LuaTeX (HO
)
Package pdftexcmds Info: LuaTeX not detected.
Package pdftexcmds Info: \pdf@primitive is available.
Package pdftexcmds Info: \pdf@ifprimitive is available.
Package pdftexcmds Info: \pdfdraftmode found.
Package: pdfescape 2011/11/25 v1.13 Implements pdfTeX's escape features (HO)
Package: bigintcalc 2012/04/08 v1.3 Expandable calculations on big integers (HO
)
Package: bitset 2011/01/30 v1.1 Handle bit-vector datatype (HO)
Package: uniquecounter 2011/01/30 v1.2 Provide unlimited unique counter (HO)
)
Package hobsub Info: Skipping package `hobsub' (already loaded).
Package: letltxmacro 2010/09/02 v1.4 Let assignment for LaTeX macros (HO)
Package: hopatch 2012/05/28 v1.2 Wrapper for package hooks (HO)
Package: xcolor-patch 2011/01/30 xcolor patch
Package: atveryend 2011/06/30 v1.8 Hooks at the very end of document (HO)
Package atveryend Info: \enddocument detected (standard20110627).
Package: atbegshi 2011/10/05 v1.16 At begin shipout hook (HO)
Package: refcount 2011/10/16 v3.4 Data extraction from label references (HO)
Package: hycolor 2011/01/30 v1.7 Color options for hyperref/bookmark (HO)
)
(/usr/share/texlive/texmf-dist/tex/latex/oberdiek/auxhook.sty
Package: auxhook 2011/03/04 v1.3 Hooks for auxiliary files (HO)
)
(/usr/share/texlive/texmf-dist/tex/latex/oberdiek/kvoptions.sty
Package: kvoptions 2011/06/30 v3.11 Key value format for package options (HO)
)
\@linkdim=\dimen117
\Hy@linkcounter=\count91
\Hy@pagecounter=\count92

(/usr/share/texlive/texmf-dist/tex/latex/hyperref/pd1enc.def
File: pd1enc.def 2012/11/06 v6.83m Hyperref: PDFDocEncoding definition (HO)
)
\Hy@SavedSpaceFactor=\count93

(/usr/share/texlive/texmf-dist/tex/latex/latexconfig/hyperref.cfg
File: hyperref.cfg 2002/06/06 v1.2 hyperref configuration of TeXLive
)
Package hyperref Info: Option `breaklinks' set `true' on input line 4319.
Package hyperref Info: Option `colorlinks' set `true' on input line 4319.
Package hyperref Info: Hyper figures OFF on input line 4443.
Package hyperref Info: Link nesting OFF on input line 4448.
Package hyperref Info: Hyper index ON on input line 4451.
Package hyperref Info: Plain pages OFF on input line 4458.
Package hyperref Info: Backreferencing OFF on input line 4463.
Package hyperref Info: Implicit mode ON; LaTeX internals redefined.
Package hyperref Info: Bookmarks ON on input line 4688.
\c@Hy@tempcnt=\count94

(/usr/share/texlive/texmf-dist/tex/latex/url/url.sty
\Urlmuskip=\muskip10
Package: url 2006/04/12  ver 3.3  Verb mode for urls, etc.
)
LaTeX Info: Redefining \url on input line 5041.
\XeTeXLinkMargin=\dimen118
\Fld@menulength=\count95
\Field@Width=\dimen119
\Fld@charsize=\dimen120
Package hyperref Info: Hyper figures OFF on input line 6295.
Package hyperref Info: Link nesting OFF on input line 6300.
Package hyperref Info: Hyper index ON on input line 6303.
Package hyperref Info: backreferencing OFF on input line 6310.
Package hyperref Info: Link coloring ON on input line 6313.
Package hyperref Info: Link coloring with OCG OFF on input line 6320.
Package hyperref Info: PDF/A mode OFF on input line 6325.
LaTeX Info: Redefining \ref on input line 6365.
LaTeX Info: Redefining \pageref on input line 6369.
\Hy@abspage=\count96
\c@Item=\count97
\c@Hfootnote=\count98
)

Package hyperref Message: Driver (autodetected): hpdftex.

(/usr/share/texlive/texmf-dist/tex/latex/hyperref/hpdftex.def
File: hpdftex.def 2012/11/06 v6.83m Hyperref driver for pdfTeX
\Fld@listcount=\count99
\c@bookmark@seq@number=\count100

(/usr/share/texlive/texmf-dist/tex/latex/oberdiek/rerunfilecheck.sty
Package: rerunfilecheck 2011/04/15 v1.7 Rerun checks for auxiliary files (HO)
Package uniquecounter Info: New unique counter `rerunfilecheck' on input line 2
82.
)
\Hy@SectionHShift=\skip44
)
(/usr/share/texlive/texmf-dist/tex/latex/oberdiek/bookmark.sty
Package: bookmark 2011/12/02 v1.24 PDF bookmarks (HO)

(/usr/share/texlive/texmf-dist/tex/latex/oberdiek/bkm-pdftex.def
File: bkm-pdftex.def 2011/12/02 v1.24 bookmark driver for pdfTeX (HO)
\BKM@id=\count101
))
(/usr/share/texlive/texmf-dist/tex/latex/psnfss/times.sty
Package: times 2005/04/12 PSNFSS-v9.2a (SPQR) 
)
(/usr/share/texlive/texmf-dist/tex/latex/amsmath/amsmath.sty
Package: amsmath 2013/01/14 v2.14 AMS math features
\@mathmargin=\skip45

For additional information on amsmath, use the `?' option.
(/usr/share/texlive/texmf-dist/tex/latex/amsmath/amstext.sty
Package: amstext 2000/06/29 v2.01

(/usr/share/texlive/texmf-dist/tex/latex/amsmath/amsgen.sty
File: amsgen.sty 1999/11/30 v2.0
\@emptytoks=\toks16
\ex@=\dimen121
))
(/usr/share/texlive/texmf-dist/tex/latex/amsmath/amsbsy.sty
Package: amsbsy 1999/11/29 v1.2d
\pmbraise@=\dimen122
)
(/usr/share/texlive/texmf-dist/tex/latex/amsmath/amsopn.sty
Package: amsopn 1999/12/14 v2.01 operator names
)
\inf@bad=\count102
LaTeX Info: Redefining \frac on input line 210.
\uproot@=\count103
\leftroot@=\count104
LaTeX Info: Redefining \overline on input line 306.
\classnum@=\count105
\DOTSCASE@=\count106
LaTeX Info: Redefining \ldots on input line 378.
LaTeX Info: Redefining \dots on input line 381.
LaTeX Info: Redefining \cdots on input line 466.
\Mathstrutbox@=\box26
\strutbox@=\box27
\big@size=\dimen123
LaTeX Font Info:    Redeclaring font encoding OML on input line 566.
LaTeX Font Info:    Redeclaring font encoding OMS on input line 567.
\macc@depth=\count107
\c@MaxMatrixCols=\count108
\dotsspace@=\muskip11
\c@parentequation=\count109
\dspbrk@lvl=\count110
\tag@help=\toks17
\row@=\count111
\column@=\count112
\maxfields@=\count113
\andhelp@=\toks18
\eqnshift@=\dimen124
\alignsep@=\dimen125
\tagshift@=\dimen126
\tagwidth@=\dimen127
\totwidth@=\dimen128
\lineht@=\dimen129
\@envbody=\toks19
\multlinegap=\skip46
\multlinetaggap=\skip47
\mathdisplay@stack=\toks20
LaTeX Info: Redefining \[ on input line 2665.
LaTeX Info: Redefining \] on input line 2666.
)
(/homes/gws/ruzzo/Documents/u/tex/placeins.sty
Package: placeins 2005/04/18  v 2.2
)
(/usr/share/texlive/texmf-dist/tex/latex/upquote/upquote.sty
Package: upquote 2012/04/19 v1.3 upright-quote and grave-accent glyphs in verba
tim

(/usr/share/texlive/texmf-dist/tex/latex/base/textcomp.sty
Package: textcomp 2005/09/27 v1.99g Standard LaTeX package
Package textcomp Info: Sub-encoding information:
(textcomp)               5 = only ISO-Adobe without \textcurrency
(textcomp)               4 = 5 + \texteuro
(textcomp)               3 = 4 + \textohm
(textcomp)               2 = 3 + \textestimated + \textcurrency
(textcomp)               1 = TS1 - \textcircled - \t
(textcomp)               0 = TS1 (full)
(textcomp)             Font families with sub-encoding setting implement
(textcomp)             only a restricted character set as indicated.
(textcomp)             Family '?' is the default used for unknown fonts.
(textcomp)             See the documentation for details.
Package textcomp Info: Setting ? sub-encoding to TS1/1 on input line 71.

(/usr/share/texlive/texmf-dist/tex/latex/base/ts1enc.def
File: ts1enc.def 2001/06/05 v3.0e (jk/car/fm) Standard LaTeX file
)
LaTeX Info: Redefining \oldstylenums on input line 266.
Package textcomp Info: Setting cmr sub-encoding to TS1/0 on input line 281.
Package textcomp Info: Setting cmss sub-encoding to TS1/0 on input line 282.
Package textcomp Info: Setting cmtt sub-encoding to TS1/0 on input line 283.
Package textcomp Info: Setting cmvtt sub-encoding to TS1/0 on input line 284.
Package textcomp Info: Setting cmbr sub-encoding to TS1/0 on input line 285.
Package textcomp Info: Setting cmtl sub-encoding to TS1/0 on input line 286.
Package textcomp Info: Setting ccr sub-encoding to TS1/0 on input line 287.
Package textcomp Info: Setting ptm sub-encoding to TS1/4 on input line 288.
Package textcomp Info: Setting pcr sub-encoding to TS1/4 on input line 289.
Package textcomp Info: Setting phv sub-encoding to TS1/4 on input line 290.
Package textcomp Info: Setting ppl sub-encoding to TS1/3 on input line 291.
Package textcomp Info: Setting pag sub-encoding to TS1/4 on input line 292.
Package textcomp Info: Setting pbk sub-encoding to TS1/4 on input line 293.
Package textcomp Info: Setting pnc sub-encoding to TS1/4 on input line 294.
Package textcomp Info: Setting pzc sub-encoding to TS1/4 on input line 295.
Package textcomp Info: Setting bch sub-encoding to TS1/4 on input line 296.
Package textcomp Info: Setting put sub-encoding to TS1/5 on input line 297.
Package textcomp Info: Setting uag sub-encoding to TS1/5 on input line 298.
Package textcomp Info: Setting ugq sub-encoding to TS1/5 on input line 299.
Package textcomp Info: Setting ul8 sub-encoding to TS1/4 on input line 300.
Package textcomp Info: Setting ul9 sub-encoding to TS1/4 on input line 301.
Package textcomp Info: Setting augie sub-encoding to TS1/5 on input line 302.
Package textcomp Info: Setting dayrom sub-encoding to TS1/3 on input line 303.
Package textcomp Info: Setting dayroms sub-encoding to TS1/3 on input line 304.

Package textcomp Info: Setting pxr sub-encoding to TS1/0 on input line 305.
Package textcomp Info: Setting pxss sub-encoding to TS1/0 on input line 306.
Package textcomp Info: Setting pxtt sub-encoding to TS1/0 on input line 307.
Package textcomp Info: Setting txr sub-encoding to TS1/0 on input line 308.
Package textcomp Info: Setting txss sub-encoding to TS1/0 on input line 309.
Package textcomp Info: Setting txtt sub-encoding to TS1/0 on input line 310.
Package textcomp Info: Setting lmr sub-encoding to TS1/0 on input line 311.
Package textcomp Info: Setting lmdh sub-encoding to TS1/0 on input line 312.
Package textcomp Info: Setting lmss sub-encoding to TS1/0 on input line 313.
Package textcomp Info: Setting lmssq sub-encoding to TS1/0 on input line 314.
Package textcomp Info: Setting lmvtt sub-encoding to TS1/0 on input line 315.
Package textcomp Info: Setting qhv sub-encoding to TS1/0 on input line 316.
Package textcomp Info: Setting qag sub-encoding to TS1/0 on input line 317.
Package textcomp Info: Setting qbk sub-encoding to TS1/0 on input line 318.
Package textcomp Info: Setting qcr sub-encoding to TS1/0 on input line 319.
Package textcomp Info: Setting qcs sub-encoding to TS1/0 on input line 320.
Package textcomp Info: Setting qpl sub-encoding to TS1/0 on input line 321.
Package textcomp Info: Setting qtm sub-encoding to TS1/0 on input line 322.
Package textcomp Info: Setting qzc sub-encoding to TS1/0 on input line 323.
Package textcomp Info: Setting qhvc sub-encoding to TS1/0 on input line 324.
Package textcomp Info: Setting futs sub-encoding to TS1/4 on input line 325.
Package textcomp Info: Setting futx sub-encoding to TS1/4 on input line 326.
Package textcomp Info: Setting futj sub-encoding to TS1/4 on input line 327.
Package textcomp Info: Setting hlh sub-encoding to TS1/3 on input line 328.
Package textcomp Info: Setting hls sub-encoding to TS1/3 on input line 329.
Package textcomp Info: Setting hlst sub-encoding to TS1/3 on input line 330.
Package textcomp Info: Setting hlct sub-encoding to TS1/5 on input line 331.
Package textcomp Info: Setting hlx sub-encoding to TS1/5 on input line 332.
Package textcomp Info: Setting hlce sub-encoding to TS1/5 on input line 333.
Package textcomp Info: Setting hlcn sub-encoding to TS1/5 on input line 334.
Package textcomp Info: Setting hlcw sub-encoding to TS1/5 on input line 335.
Package textcomp Info: Setting hlcf sub-encoding to TS1/5 on input line 336.
Package textcomp Info: Setting pplx sub-encoding to TS1/3 on input line 337.
Package textcomp Info: Setting pplj sub-encoding to TS1/3 on input line 338.
Package textcomp Info: Setting ptmx sub-encoding to TS1/4 on input line 339.
Package textcomp Info: Setting ptmj sub-encoding to TS1/4 on input line 340.
))
(./shared-snps-chr1-qfiltered.aux)
\openout1 = `shared-snps-chr1-qfiltered.aux'.

LaTeX Font Info:    Checking defaults for OML/cmm/m/it on input line 65.
LaTeX Font Info:    ... okay on input line 65.
LaTeX Font Info:    Checking defaults for T1/cmr/m/n on input line 65.
LaTeX Font Info:    ... okay on input line 65.
LaTeX Font Info:    Checking defaults for OT1/cmr/m/n on input line 65.
LaTeX Font Info:    ... okay on input line 65.
LaTeX Font Info:    Checking defaults for OMS/cmsy/m/n on input line 65.
LaTeX Font Info:    ... okay on input line 65.
LaTeX Font Info:    Checking defaults for OMX/cmex/m/n on input line 65.
LaTeX Font Info:    ... okay on input line 65.
LaTeX Font Info:    Checking defaults for U/cmr/m/n on input line 65.
LaTeX Font Info:    ... okay on input line 65.
LaTeX Font Info:    Checking defaults for PD1/pdf/m/n on input line 65.
LaTeX Font Info:    ... okay on input line 65.
LaTeX Font Info:    Checking defaults for TS1/cmr/m/n on input line 65.
LaTeX Font Info:    Try loading font information for TS1+cmr on input line 65.

(/usr/share/texlive/texmf-dist/tex/latex/base/ts1cmr.fd
File: ts1cmr.fd 1999/05/25 v2.5h Standard LaTeX font definitions
)
LaTeX Font Info:    ... okay on input line 65.
LaTeX Font Info:    Try loading font information for OT1+ptm on input line 65.

(/usr/share/texlive/texmf-dist/tex/latex/psnfss/ot1ptm.fd
File: ot1ptm.fd 2001/06/04 font definitions for OT1/ptm.
)
(/usr/share/texlive/texmf-dist/tex/context/base/supp-pdf.mkii
[Loading MPS to PDF converter (version 2006.09.02).]
\scratchcounter=\count114
\scratchdimen=\dimen130
\scratchbox=\box28
\nofMPsegments=\count115
\nofMParguments=\count116
\everyMPshowfont=\toks21
\MPscratchCnt=\count117
\MPscratchDim=\dimen131
\MPnumerator=\count118
\makeMPintoPDFobject=\count119
\everyMPtoPDFconversion=\toks22
) (/usr/share/texlive/texmf-dist/tex/latex/oberdiek/epstopdf-base.sty
Package: epstopdf-base 2010/02/09 v2.5 Base part for package epstopdf

(/usr/share/texlive/texmf-dist/tex/latex/oberdiek/grfext.sty
Package: grfext 2010/08/19 v1.1 Manage graphics extensions (HO)
)
Package grfext Info: Graphics extension search list:
(grfext)             [.png,.pdf,.jpg,.mps,.jpeg,.jbig2,.jb2,.PNG,.PDF,.JPG,.JPE
G,.JBIG2,.JB2,.eps]
(grfext)             \AppendGraphicsExtensions on input line 452.

(/usr/share/texlive/texmf-dist/tex/latex/latexconfig/epstopdf-sys.cfg
File: epstopdf-sys.cfg 2010/07/13 v1.3 Configuration of (r)epstopdf for TeX Liv
e
))
*geometry* driver: auto-detecting
*geometry* detected driver: pdftex
*geometry* verbose mode - [ preamble ] result:
* driver: pdftex
* paper: letterpaper
* layout: <same size as paper>
* layoutoffset:(h,v)=(0.0pt,0.0pt)
* modes: 
* h-part:(L,W,R)=(72.26999pt, 469.75502pt, 72.26999pt)
* v-part:(T,H,B)=(72.26999pt, 650.43001pt, 72.26999pt)
* \paperwidth=614.295pt
* \paperheight=794.96999pt
* \textwidth=469.75502pt
* \textheight=650.43001pt
* \oddsidemargin=0.0pt
* \evensidemargin=0.0pt
* \topmargin=-37.0pt
* \headheight=12.0pt
* \headsep=25.0pt
* \topskip=10.0pt
* \footskip=30.0pt
* \marginparwidth=65.0pt
* \marginparsep=11.0pt
* \columnsep=10.0pt
* \skip\footins=9.0pt plus 4.0pt minus 2.0pt
* \hoffset=0.0pt
* \voffset=0.0pt
* \mag=1000
* \@twocolumnfalse
* \@twosidefalse
* \@mparswitchfalse
* \@reversemarginfalse
* (1in=72.27pt=25.4mm, 1cm=28.453pt)

\AtBeginShipoutBox=\box29
Package hyperref Info: Link coloring ON on input line 65.
(/usr/share/texlive/texmf-dist/tex/latex/hyperref/nameref.sty
Package: nameref 2012/10/27 v2.43 Cross-referencing by name of section

(/usr/share/texlive/texmf-dist/tex/generic/oberdiek/gettitlestring.sty
Package: gettitlestring 2010/12/03 v1.4 Cleanup title references (HO)
)
\c@section@level=\count120
)
LaTeX Info: Redefining \ref on input line 65.
LaTeX Info: Redefining \pageref on input line 65.
LaTeX Info: Redefining \nameref on input line 65.


LaTeX Warning: No \author given.

LaTeX Font Info:    Font shape `OT1/ptm/bx/n' in size <14.4> not available
(Font)              Font shape `OT1/ptm/b/n' tried instead on input line 73.
(./shared-snps-chr1-qfiltered.toc
LaTeX Font Info:    Font shape `OT1/ptm/bx/n' in size <10> not available
(Font)              Font shape `OT1/ptm/b/n' tried instead on input line 1.
)
\tf@toc=\write3
\openout3 = `shared-snps-chr1-qfiltered.toc'.

 [1

{/usr/share/texlive/texmf/fonts/map/pdftex/updmap/pdftex.map}]
LaTeX Font Info:    Try loading font information for OT1+pcr on input line 78.
 (/usr/share/texlive/texmf-dist/tex/latex/psnfss/ot1pcr.fd
File: ot1pcr.fd 2001/06/04 font definitions for OT1/pcr.
)
Package color Info: Redefining color shadecolor on input line 96.
LaTeX Font Info:    Font shape `OT1/pcr/bx/n' in size <8> not available
(Font)              Font shape `OT1/pcr/b/n' tried instead on input line 98.
LaTeX Font Info:    Try loading font information for TS1+pcr on input line 98.
(/usr/share/texlive/texmf-dist/tex/latex/psnfss/ts1pcr.fd
File: ts1pcr.fd 2001/06/04 font definitions for TS1/pcr.
)
LaTeX Font Info:    Font shape `OT1/pcr/m/it' in size <8> not available
(Font)              Font shape `OT1/pcr/m/sl' tried instead on input line 98.

Overfull \hbox (10.24529pt too wide) in paragraph at lines 98--98
[][]\OT1/pcr/b/n/8 source[][]\OT1/pcr/m/n/8 ([][]\TS1/pcr/m/n/8 '\OT1/pcr/m/n/8
 ../../../R/wlr.R\TS1/pcr/m/n/8 '[][]\OT1/pcr/m/n/8 )[] []\OT1/pcr/m/sl/8 # loa
d util code; path relative this folder or sibling in scripts/larrys [][] 
 []


Overfull \hbox (29.4453pt too wide) in paragraph at lines 102--102
[]\OT1/pcr/m/n/8 ## Running as: ruzzo @ bicycle.cs.washington.edu; SVN Id, I mi
ss you.  $Id: wlr.R  2017-07-21 or later $[] 
 []


Overfull \hbox (15.04529pt too wide) in paragraph at lines 104--104
[][]\OT1/pcr/b/n/8 setup.my.wd[][]\OT1/pcr/m/n/8 ([][]\TS1/pcr/m/n/8 '\OT1/pcr/
m/n/8 shared-snps\TS1/pcr/m/n/8 '[][]\OT1/pcr/m/n/8 )[] []\OT1/pcr/m/sl/8 # set
 working dir; UPDATE if this file moves, or if COPY/PASTE to new file[][] 
 []

Package color Info: Redefining color shadecolor on input line 151.

Overfull \hbox (15.08524pt too wide) in paragraph at lines 157--157
[]  []\OT1/pcr/m/n/8 mac[]   []=[] []\OT1/pcr/b/n/8 list[][]\OT1/pcr/m/n/8 ([][
]load.tb[][]=[][]\OT1/pcr/b/n/8 c[][]\OT1/pcr/m/n/8 (F,T,F,F),[] []pri[][]=[][]
1[][]:[][]4[][],[] []clear.cache[][]=F,[] []nboot[][]=[]  []1[][],[] []trunc.ta
bles[][]=T),[] []\OT1/pcr/m/sl/8 # quick on lap[][] 
 []


Overfull \hbox (53.7333pt too wide) in paragraph at lines 158--158
[] []\OT1/pcr/m/sl/8 #linux = list(load.tb=c(F,F,F,T), pri=1:4, clear.cache=F, 
nboot=  5, trunc.tables=T), # quick qfil on server[][] 
 []


Overfull \hbox (24.93329pt too wide) in paragraph at lines 159--159
[]  []\OT1/pcr/m/n/8 linux[] []=[] []\OT1/pcr/b/n/8 list[][]\OT1/pcr/m/n/8 ([][
]load.tb[][]=[][]\OT1/pcr/b/n/8 c[][]\OT1/pcr/m/n/8 (T,F,T,F),[] []pri[][]=[][]
1[][]:[][]4[][],[] []clear.cache[][]=T,[] []nboot[][]=[][]101[][],[] []trunc.ta
bles[][]=T)[]  []\OT1/pcr/m/sl/8 # full on server[][] 
 []


Overfull \hbox (19.84529pt too wide) in paragraph at lines 163--163
[][]\OT1/pcr/m/sl/8 #params<-pick.params(default=list(load.tb=c(T,T,T,T),pri=1:
4,clear.cache=T,nboot=1000,trunc.tables=T))[][] 
 []

[2]
Package color Info: Redefining color shadecolor on input line 192.
Package color Info: Redefining color shadecolor on input line 207.
LaTeX Font Info:    Font shape `TS1/pcr/m/it' in size <8> not available
(Font)              Font shape `TS1/pcr/m/sl' tried instead on input line 211.
Package color Info: Redefining color shadecolor on input line 216.
LaTeX Font Info:    Try loading font information for OMS+pcr on input line 219.

 (/usr/share/texlive/texmf-dist/tex/latex/psnfss/omspcr.fd
File: omspcr.fd 
)
LaTeX Font Info:    Font shape `OMS/pcr/m/n' in size <8> not available
(Font)              Font shape `OMS/cmsy/m/n' tried instead on input line 219.
Package color Info: Redefining color shadecolor on input line 241.
 [3]
Package color Info: Redefining color shadecolor on input line 271.
Package color Info: Redefining color shadecolor on input line 285.
Package color Info: Redefining color shadecolor on input line 293.

Overfull \hbox (0.64528pt too wide) in paragraph at lines 295--295
[][]\OT1/pcr/m/sl/8 # Sanity check: unlike unqfiltered tables, bug in early cod
e gave qfiltered ones different numbers[][] 
 []

Package color Info: Redefining color shadecolor on input line 325.

Overfull \hbox (43.29536pt too wide) in paragraph at lines 329--329
[][]\OT1/pcr/b/n/8 cat[][]\OT1/pcr/m/n/8 ([][]\TS1/pcr/m/n/8 '\OT1/pcr/m/n/8 Th
is analysis uses: (\TS1/pcr/m/n/8 '[][]\OT1/pcr/m/n/8 ,[] []\OT1/pcr/b/n/8 past
e[][]\OT1/pcr/m/n/8 ([][]\OT1/pcr/b/n/8 unlist[][]\OT1/pcr/m/n/8 ([][]\OT1/pcr/
b/n/8 lapply[][]\OT1/pcr/m/n/8 (tset,which.snp.tables)),[][]collapse[][]=[][]\T
S1/pcr/m/n/8 '\OT1/pcr/m/n/8 , \TS1/pcr/m/n/8 '[][]\OT1/pcr/m/n/8 ),[] []\TS1/p
cr/m/n/8 '\OT1/pcr/m/n/8 ) SNP tables.\OMS/cmsy/m/n/8 n\OT1/pcr/m/n/8 n\TS1/pcr
/m/n/8 '[][]\OT1/pcr/m/n/8 )[][] 
 []

[4]
Package color Info: Redefining color shadecolor on input line 361.

Overfull \hbox (48.64531pt too wide) in paragraph at lines 365--365
[]  []\OT1/pcr/m/n/8 uneq[] []<-[] []snp.tables.chr1.qfiltered[[[][]1[][]]][][]
$[][]Ref[[][]1[][]:[][]chr1.len][] []!=[] []snp.tables.chr1.unqfiltered[[[][]1[
][]]][][]$[][]Ref[[][]1[][]:[][]chr1.len][][] 
 []

Package color Info: Redefining color shadecolor on input line 379.
Package color Info: Redefining color shadecolor on input line 414.
Package color Info: Redefining color shadecolor on input line 426.

Overfull \hbox (17.64552pt too wide) in paragraph at lines 429--429
[]  []\OT1/pcr/m/n/8 desert.len[] []<-[] []\OT1/pcr/b/n/8 unlist[][]\OT1/pcr/m/
n/8 ([][]\OT1/pcr/b/n/8 lapply[][]\OT1/pcr/m/n/8 (des,[][]\OT1/pcr/b/n/8 functi
on[][]\OT1/pcr/m/n/8 ([][]x[][])\OMS/cmsy/m/n/8 f[][]\OT1/pcr/b/n/8 sum[][]\OT1
/pcr/m/n/8 ([][]\OT1/pcr/b/n/8 unlist[][]\OT1/pcr/m/n/8 ([][]\OT1/pcr/b/n/8 lap
ply[][]\OT1/pcr/m/n/8 (x,[][]\OT1/pcr/b/n/8 function[][]\OT1/pcr/m/n/8 ([][]y[]
[])\OMS/cmsy/m/n/8 f[][]\OT1/pcr/b/n/8 sum[][]\OT1/pcr/m/n/8 (y[,[][]\TS1/pcr/m
/n/8 '\OT1/pcr/m/n/8 Length\TS1/pcr/m/n/8 '[][]\OT1/pcr/m/n/8 ])\OMS/cmsy/m/n/8
 g\OT1/pcr/m/n/8 )))\OMS/cmsy/m/n/8 g\OT1/pcr/m/n/8 ))[][] 
 []


Overfull \hbox (18.7454pt too wide) in paragraph at lines 431--431
[]                                                   []\OT1/pcr/b/n/8 sum[][]\O
T1/pcr/m/n/8 (y[y[,[][]\TS1/pcr/m/n/8 '\OT1/pcr/m/n/8 Length\TS1/pcr/m/n/8 '[][
]\OT1/pcr/m/n/8 ][][]>=[][]big.threshold,[][]\TS1/pcr/m/n/8 '\OT1/pcr/m/n/8 Len
gth\TS1/pcr/m/n/8 '[][]\OT1/pcr/m/n/8 ])\OMS/cmsy/m/n/8 g\OT1/pcr/m/n/8 )))\OMS
/cmsy/m/n/8 g\OT1/pcr/m/n/8 ))[][] 
 []


Overfull \hbox (29.4453pt too wide) in paragraph at lines 432--432
[]  []\OT1/pcr/b/n/8 rbind[][]\OT1/pcr/m/n/8 (desert.len,[] []desert.pct[][]=[]
[]\OT1/pcr/b/n/8 round[][]\OT1/pcr/m/n/8 ( desert.len[] []/[] []\OT1/pcr/b/n/8 
genome.length.constants[][]\OT1/pcr/m/n/8 ()[][]$[][]genome.length.trunc[] []*[
] []100[][]),[][] 
 []


Overfull \hbox (29.4453pt too wide) in paragraph at lines 433--433
[]        []\OT1/pcr/m/n/8 bigdes.len,[] []bigdes.pct[][]=[][]\OT1/pcr/b/n/8 ro
und[][]\OT1/pcr/m/n/8 ( bigdes.len[] []/[] []\OT1/pcr/b/n/8 genome.length.const
ants[][]\OT1/pcr/m/n/8 ()[][]$[][]genome.length.trunc[] []*[] []100[][]))[][] 
 []

[5]
LaTeX Font Info:    Font shape `OT1/ptm/bx/n' in size <12> not available
(Font)              Font shape `OT1/ptm/b/n' tried instead on input line 451.
Package color Info: Redefining color shadecolor on input line 462.
LaTeX Font Info:    Try loading font information for TS1+ptm on input line 484.

 (/usr/share/texlive/texmf-dist/tex/latex/psnfss/ts1ptm.fd
File: ts1ptm.fd 2001/06/04 font definitions for TS1/ptm.
)
Package color Info: Redefining color shadecolor on input line 487.
 [6]
Package color Info: Redefining color shadecolor on input line 520.
Package color Info: Redefining color shadecolor on input line 543.

Overfull \hbox (0.64528pt too wide) in paragraph at lines 564--564
[]\OT1/pcr/m/n/8 #                      1007        1012        1013        101
4        1015       3367        1335[] 
 []


Overfull \hbox (0.64528pt too wide) in paragraph at lines 564--564
[]\OT1/pcr/m/n/8 # % ==0         97.79158183 97.46508314 95.61527451 97.4021432
4 97.30475895 96.0503322 96.61320883[] 
 []


Overfull \hbox (0.64528pt too wide) in paragraph at lines 564--564
[]\OT1/pcr/m/n/8 # % ==1          1.45497989  1.70969751  2.91324647  2.0330409
8  1.83551158  2.5290008  2.48311880[] 
 []


Overfull \hbox (0.64528pt too wide) in paragraph at lines 564--564
[]\OT1/pcr/m/n/8 # % ==2          0.09754863  0.10606113  0.19447279  0.1752128
5  0.11904351  0.1896085  0.18402115[] 
 []


Overfull \hbox (0.64528pt too wide) in paragraph at lines 564--564
[]\OT1/pcr/m/n/8 # % ==3          0.05166659  0.04680231  0.08019497  0.0993563
0  0.05324420  0.0796691  0.05416447[] 
 []


Overfull \hbox (0.64528pt too wide) in paragraph at lines 564--564
[]\OT1/pcr/m/n/8 # % >=4          0.60422305  0.67235591  1.19681126  0.2902466
2  0.68744176  1.1513894  0.66548675[] 
 []


Overfull \hbox (0.64528pt too wide) in paragraph at lines 564--564
[]\OT1/pcr/m/n/8 # % >=4, nonSNP  0.04486317  0.07924183  0.19759514  0.0263591
6  0.08581519  0.1951959  0.08811586[] 
 []

Package color Info: Redefining color shadecolor on input line 577.

Overfull \hbox (19.84529pt too wide) in paragraph at lines 584--584
[]            []\OT1/pcr/b/n/8 paste[][]\OT1/pcr/m/n/8 (snp.tables[[[][]1[][]]]
[][]$[][]chr[union.snps[][]==[][]1[][]],[] []\TS1/pcr/m/n/8 '\OT1/pcr/m/n/8 :\T
S1/pcr/m/n/8 '[][]\OT1/pcr/m/n/8 , snp.tables[[[][]1[][]]][][]$[][]pos[union.sn
ps[][]==[][]1[][]],[] []sep[][]=[][]\TS1/pcr/m/n/8 ''[][]\OT1/pcr/m/n/8 )[][] 
 []

[7]
Package color Info: Redefining color shadecolor on input line 602.
Package color Info: Redefining color shadecolor on input line 612.
LaTeX Font Info:    Font shape `OT1/pcr/bx/n' in size <5> not available
(Font)              Font shape `OT1/pcr/b/n' tried instead on input line 614.
Package color Info: Redefining color shadecolor on input line 632.
Package color Info: Redefining color shadecolor on input line 647.

Overfull \hbox (29.4453pt too wide) in paragraph at lines 676--676
[]           []\OT1/pcr/m/sl/8 # return data frame (Chr/Pos) of locations of co
nsistent SNPs @ specified stringency & strain[][] 
 []


Overfull \hbox (29.4453pt too wide) in paragraph at lines 677--677
[]           []\OT1/pcr/m/n/8 snplist[] []<-[] []\OT1/pcr/b/n/8 strsplit[][]\OT
1/pcr/m/n/8 (refined.snps[][]$[][]Code[][]$[][]\OT1/pcr/b/n/8 get.snp.locs.char
[][]\OT1/pcr/m/n/8 (strain, stringency),[] []\TS1/pcr/m/n/8 '\OT1/pcr/m/n/8 :\T
S1/pcr/m/n/8 '[][]\OT1/pcr/m/n/8 ,[] []fixed[][]=[][]TRUE[][])[][] 
 []

[8]
Package color Info: Redefining color shadecolor on input line 711.
 [9]
Package color Info: Redefining color shadecolor on input line 772.
Package color Info: Redefining color shadecolor on input line 783.
Package color Info: Redefining color shadecolor on input line 816.

Overfull \hbox (13.9454pt too wide) in paragraph at lines 819--819
[][]\OT1/pcr/m/n/8 esnps2[] []<-[] []\OT1/pcr/b/n/8 as.integer[][]\OT1/pcr/m/n/
8 ([][]\OT1/pcr/b/n/8 unlist[][]\OT1/pcr/m/n/8 ([][]\OT1/pcr/b/n/8 lapply[][]\O
T1/pcr/m/n/8 ([][]\OT1/pcr/b/n/8 strsplit[][]\OT1/pcr/m/n/8 (esnps[[][]\OT1/pcr
/b/n/8 c[][]\OT1/pcr/m/n/8 ([][]7[][],[][]11[][]:[][]13[][],[][]92[][])],[][]\T
S1/pcr/m/n/8 '\OT1/pcr/m/n/8 :\TS1/pcr/m/n/8 '[][]\OT1/pcr/m/n/8 ,[][]fixed[][]
=[][]TRUE[][]),[][]\OT1/pcr/b/n/8 function[][]\OT1/pcr/m/n/8 ([][]x[][])\OMS/cm
sy/m/n/8 f\OT1/pcr/m/n/8 x[[][]2[][]]\OMS/cmsy/m/n/8 g\OT1/pcr/m/n/8 )))[][] 
 []

[10]
Package color Info: Redefining color shadecolor on input line 872.
 [11]
Package color Info: Redefining color shadecolor on input line 968.
 [12]
Package color Info: Redefining color shadecolor on input line 984.

Overfull \hbox (0.64528pt too wide) in paragraph at lines 1015--1015
[]\OT1/pcr/m/n/8 #      strain   chr  start    end length filtered     type  co
v_ratio   dup_frac   iStart     iEnd[] 
 []


Overfull \hbox (0.64528pt too wide) in paragraph at lines 1015--1015
[]\OT1/pcr/m/n/8 # 1    tp1012  Chr1  10601  13500   2900    FALSE CNVnator 0.6
3738000 0.41187900    10601    13500[] 
 []


Overfull \hbox (0.64528pt too wide) in paragraph at lines 1015--1015
[]\OT1/pcr/m/n/8 # 2    tp1012  Chr1 112001 116500   4500    FALSE CNVnator 1.5
4893000 0.00907677   112001   116500[] 
 []


Overfull \hbox (0.64528pt too wide) in paragraph at lines 1015--1015
[]\OT1/pcr/m/n/8 # 3    tp1012  Chr1 215001 221100   6100    FALSE CNVnator 1.6
5381000 0.01178470   215001   221100[] 
 []


Overfull \hbox (0.64528pt too wide) in paragraph at lines 1015--1015
[]\OT1/pcr/m/n/8 # 4    tp1012  Chr1 358901 370300  11400     TRUE CNVnator 0.0
0204431 0.97997300   358901   370300[] 
 []


Overfull \hbox (0.64528pt too wide) in paragraph at lines 1015--1015
[]\OT1/pcr/m/n/8 # 1955 tp1335 Chr24 259901 278000  18100    FALSE CNVnator 1.4
1458000 0.38091100 31264334 31282433[] 
 []


Overfull \hbox (0.64528pt too wide) in paragraph at lines 1015--1015
[]\OT1/pcr/m/n/8 # 1956 tp1335 Chr24 286901 289800   2900    FALSE CNVnator 1.7
4941000 0.74228100 31291334 31294233[] 
 []

Package color Info: Redefining color shadecolor on input line 1020.
[13]
Package color Info: Redefining color shadecolor on input line 1086.

Overfull \hbox (4.3454pt too wide) in paragraph at lines 1094--1094
[]  []\OT1/pcr/m/n/8 homnr.unhemi[] []=[] []\OT1/pcr/b/n/8 unlist[][]\OT1/pcr/m
/n/8 ([][]\OT1/pcr/b/n/8 lapply[][]\OT1/pcr/m/n/8 ([][]\OT1/pcr/b/n/8 list[][]\
OT1/pcr/m/n/8 ([][]1[][],[][]2[][],[][]3[][],[][]4[][],[][]5[][],[][]6[][],[][]
7[][]),[] []\OT1/pcr/b/n/8 function[][]\OT1/pcr/m/n/8 ([][]i[][])\OMS/cmsy/m/n/
8 f[][]\OT1/pcr/b/n/8 sum[][]\OT1/pcr/m/n/8 (hnr[[i]][] []& ![][]hemi.masks[[i]
])\OMS/cmsy/m/n/8 g\OT1/pcr/m/n/8 ))[][] 
 []

Package color Info: Redefining color shadecolor on input line 1107.
[14] [15]
Package color Info: Redefining color shadecolor on input line 1255.

Overfull \hbox (19.84529pt too wide) in paragraph at lines 1412--1412
[][]\OT1/pcr/b/n/8 colnames[][]\OT1/pcr/m/n/8 (vs.stringency)[] []<-[] []\OT1/p
cr/b/n/8 c[][]\OT1/pcr/m/n/8 ([][]\TS1/pcr/m/n/8 '\OT1/pcr/m/n/8 [[1]]\TS1/pcr/
m/n/8 '[][]\OT1/pcr/m/n/8 ,[] []\TS1/pcr/m/n/8 '\OT1/pcr/m/n/8 [[2]]\TS1/pcr/m/
n/8 '[][]\OT1/pcr/m/n/8 ,[] []\TS1/pcr/m/n/8 '\OT1/pcr/m/n/8 [[3]]\TS1/pcr/m/n/
8 '[][]\OT1/pcr/m/n/8 ,[] []\TS1/pcr/m/n/8 '\OT1/pcr/m/n/8 [[4]]\TS1/pcr/m/n/8 
'[][]\OT1/pcr/m/n/8 ,[] []\TS1/pcr/m/n/8 '\OT1/pcr/m/n/8 ----\TS1/pcr/m/n/8 '[]
[]\OT1/pcr/m/n/8 ,[] []\TS1/pcr/m/n/8 '\OT1/pcr/m/n/8 [[1]]%\TS1/pcr/m/n/8 '[][
]\OT1/pcr/m/n/8 ,[] []\TS1/pcr/m/n/8 '\OT1/pcr/m/n/8 [[2]]%\TS1/pcr/m/n/8 '[][]
\OT1/pcr/m/n/8 ,[] []\TS1/pcr/m/n/8 '\OT1/pcr/m/n/8 [[3]]%\TS1/pcr/m/n/8 '[][]\
OT1/pcr/m/n/8 )[][] 
 []

[16] [17] [18]
Package color Info: Redefining color shadecolor on input line 1463.
Package color Info: Redefining color shadecolor on input line 1487.
 [19]
Package color Info: Redefining color shadecolor on input line 1522.
 [20]
Package color Info: Redefining color shadecolor on input line 1563.
 [21]
Package color Info: Redefining color shadecolor on input line 1611.

Overfull \hbox (6.4453pt too wide) in paragraph at lines 1614--1614
[][]\OT1/pcr/m/n/8 fil.fiveway.count[]   []<-[] []\OT1/pcr/b/n/8 sum[][]\OT1/pc
r/m/n/8 ((snp.tables[[[][]4[][]]][][]$[][]snp[] []*[] []i4.snps)[union.snps[] [
]==[] []1[][]][] []&[] []consistent[[[][]2[][]]])[][] 
 []


Overfull \hbox (1.6453pt too wide) in paragraph at lines 1616--1616
[][]\OT1/pcr/m/n/8 fil.p.value[] []<-[] []\OT1/pcr/b/n/8 pbinom[][]\OT1/pcr/m/n
/8 ([][]\OT1/pcr/b/n/8 floor[][]\OT1/pcr/m/n/8 (fil.fiveway.count[][]/[][]gyre.
count[][]*[][]24[][])[][]-[][]1[][],[] []24[][],[] []1[][]/[][]16[][],[] []lowe
r.tail[] []=[] []FALSE[][])[][] 
 []

Package color Info: Redefining color shadecolor on input line 1644.

Overfull \hbox (16.0453pt too wide) in paragraph at lines 1653--1653
[]\OT1/pcr/m/n/8 #  [1] 3.15e-25 7.19e-23 7.85e-21 5.46e-19 2.72e-17 1.03e-15 3
.11e-14 7.58e-13 1.53e-11 2.58e-10[] 
 []


Overfull \hbox (16.0453pt too wide) in paragraph at lines 1653--1653
[]\OT1/pcr/m/n/8 # [11] 3.68e-09 4.44e-08 4.57e-07 4.00e-06 2.98e-05 1.89e-04 1
.01e-03 4.50e-03 1.66e-02 4.98e-02[] 
 []

Package color Info: Redefining color shadecolor on input line 1660.
[22]
Overfull \hbox (16.0453pt too wide) in paragraph at lines 1669--1669
[]\OT1/pcr/m/n/8 #  [1] 1.00e+00 7.88e-01 4.48e-01 1.87e-01 5.95e-02 1.49e-02 3
.01e-03 4.99e-04 6.90e-05 8.02e-06[] 
 []


Overfull \hbox (16.0453pt too wide) in paragraph at lines 1669--1669
[]\OT1/pcr/m/n/8 # [11] 7.89e-07 6.60e-08 4.72e-09 2.87e-10 1.49e-11 6.59e-13 2
.46e-14 7.66e-16 1.98e-17 4.14e-19[] 
 []

Package color Info: Redefining color shadecolor on input line 1676.
Package color Info: Redefining color shadecolor on input line 1692.
[23]
Package color Info: Redefining color shadecolor on input line 1743.

Overfull \hbox (43.8453pt too wide) in paragraph at lines 1765--1765
[]          []\OT1/pcr/m/n/8 fiveway.count[]   []=[] []\OT1/pcr/b/n/8 c[][]\OT1
/pcr/m/n/8 (gi.twoway.count,   ni.twoway.count,   niw.threeway.count,   iw.twow
ay.count),[][] 
 []


Overfull \hbox (53.44531pt too wide) in paragraph at lines 1766--1766
[]          []\OT1/pcr/m/n/8 fiveway.percent[] []=[] []\OT1/pcr/b/n/8 c[][]\OT1
/pcr/m/n/8 (gi.twoway.percent, ni.twoway.percent, niw.threeway.percent, iw.twow
ay.percent),[][] 
 []


Overfull \hbox (15.04529pt too wide) in paragraph at lines 1767--1767
[]          []\OT1/pcr/m/n/8 p.value[]         []=[] []\OT1/pcr/b/n/8 c[][]\OT1
/pcr/m/n/8 (gi.p.value,        ni.p.value,        niw.p.value,          iw.p.va
lue)[][] 
 []


Overfull \hbox (53.90128pt too wide) in paragraph at lines 1770--1770
[][]\OT1/pcr/b/n/8 colnames[][]\OT1/pcr/m/n/8 (consistency.comparison)[[][]1[][
]:[][]2[][]][] []<-[] []\OT1/pcr/b/n/8 c[][]\OT1/pcr/m/n/8 ([][]\TS1/pcr/m/n/8 
'\OT1/pcr/m/n/8 552232way.count\TS1/pcr/m/n/8 '[][]\OT1/pcr/m/n/8 ,[] []\TS1/pc
r/m/n/8 '\OT1/pcr/m/n/8 552232way.percent\TS1/pcr/m/n/8 '[][]\OT1/pcr/m/n/8 )[]
 []\OT1/pcr/m/sl/8 # old col names misleading[][] 
 []

[24]
Package color Info: Redefining color shadecolor on input line 1819.
Package color Info: Redefining color shadecolor on input line 1862.
LaTeX Font Info:    Font shape `OMS/pcr/m/it' in size <8> not available
(Font)              Font shape `OMS/cmsy/m/n' tried instead on input line 1898.

 [25]
Package color Info: Redefining color shadecolor on input line 1921.
Package color Info: Redefining color shadecolor on input line 1943.

Overfull \hbox (13.9454pt too wide) in paragraph at lines 1972--1972
[][]\OT1/pcr/m/n/8 c1[] []<-[] []\OT1/pcr/b/n/8 as.integer[][]\OT1/pcr/m/n/8 ([
][]\OT1/pcr/b/n/8 unlist[][]\OT1/pcr/m/n/8 ([][]\OT1/pcr/b/n/8 lapply[][]\OT1/p
cr/m/n/8 ([][]\OT1/pcr/b/n/8 strsplit[][]\OT1/pcr/m/n/8 (r1[[][]1[][]:[][]\OT1/
pcr/b/n/8 min[][]\OT1/pcr/m/n/8 ([][]20[][],[][]\OT1/pcr/b/n/8 length[][]\OT1/p
cr/m/n/8 (r1))],[][]\TS1/pcr/m/n/8 '\OT1/pcr/m/n/8 :\TS1/pcr/m/n/8 '[][]\OT1/pc
r/m/n/8 ,[][]fixed[][]=[][]TRUE[][]),[][]\OT1/pcr/b/n/8 function[][]\OT1/pcr/m/
n/8 ([][]x[][])\OMS/cmsy/m/n/8 f\OT1/pcr/m/n/8 x[[][]2[][]]\OMS/cmsy/m/n/8 g\OT
1/pcr/m/n/8 )))[][] 
 []


Overfull \hbox (13.9454pt too wide) in paragraph at lines 1973--1973
[][]\OT1/pcr/m/n/8 c2[] []<-[] []\OT1/pcr/b/n/8 as.integer[][]\OT1/pcr/m/n/8 ([
][]\OT1/pcr/b/n/8 unlist[][]\OT1/pcr/m/n/8 ([][]\OT1/pcr/b/n/8 lapply[][]\OT1/p
cr/m/n/8 ([][]\OT1/pcr/b/n/8 strsplit[][]\OT1/pcr/m/n/8 (r2[[][]1[][]:[][]\OT1/
pcr/b/n/8 min[][]\OT1/pcr/m/n/8 ([][]20[][],[][]\OT1/pcr/b/n/8 length[][]\OT1/p
cr/m/n/8 (r2))],[][]\TS1/pcr/m/n/8 '\OT1/pcr/m/n/8 :\TS1/pcr/m/n/8 '[][]\OT1/pc
r/m/n/8 ,[][]fixed[][]=[][]TRUE[][]),[][]\OT1/pcr/b/n/8 function[][]\OT1/pcr/m/
n/8 ([][]x[][])\OMS/cmsy/m/n/8 f\OT1/pcr/m/n/8 x[[][]2[][]]\OMS/cmsy/m/n/8 g\OT
1/pcr/m/n/8 )))[][] 
 []


Overfull \hbox (13.9454pt too wide) in paragraph at lines 1974--1974
[][]\OT1/pcr/m/n/8 c3[] []<-[] []\OT1/pcr/b/n/8 as.integer[][]\OT1/pcr/m/n/8 ([
][]\OT1/pcr/b/n/8 unlist[][]\OT1/pcr/m/n/8 ([][]\OT1/pcr/b/n/8 lapply[][]\OT1/p
cr/m/n/8 ([][]\OT1/pcr/b/n/8 strsplit[][]\OT1/pcr/m/n/8 (r3[[][]1[][]:[][]\OT1/
pcr/b/n/8 min[][]\OT1/pcr/m/n/8 ([][]20[][],[][]\OT1/pcr/b/n/8 length[][]\OT1/p
cr/m/n/8 (r3))],[][]\TS1/pcr/m/n/8 '\OT1/pcr/m/n/8 :\TS1/pcr/m/n/8 '[][]\OT1/pc
r/m/n/8 ,[][]fixed[][]=[][]TRUE[][]),[][]\OT1/pcr/b/n/8 function[][]\OT1/pcr/m/
n/8 ([][]x[][])\OMS/cmsy/m/n/8 f\OT1/pcr/m/n/8 x[[][]2[][]]\OMS/cmsy/m/n/8 g\OT
1/pcr/m/n/8 )))[][] 
 []


Overfull \hbox (13.9454pt too wide) in paragraph at lines 1975--1975
[][]\OT1/pcr/m/n/8 c4[] []<-[] []\OT1/pcr/b/n/8 as.integer[][]\OT1/pcr/m/n/8 ([
][]\OT1/pcr/b/n/8 unlist[][]\OT1/pcr/m/n/8 ([][]\OT1/pcr/b/n/8 lapply[][]\OT1/p
cr/m/n/8 ([][]\OT1/pcr/b/n/8 strsplit[][]\OT1/pcr/m/n/8 (r4[[][]1[][]:[][]\OT1/
pcr/b/n/8 min[][]\OT1/pcr/m/n/8 ([][]20[][],[][]\OT1/pcr/b/n/8 length[][]\OT1/p
cr/m/n/8 (r4))],[][]\TS1/pcr/m/n/8 '\OT1/pcr/m/n/8 :\TS1/pcr/m/n/8 '[][]\OT1/pc
r/m/n/8 ,[][]fixed[][]=[][]TRUE[][]),[][]\OT1/pcr/b/n/8 function[][]\OT1/pcr/m/
n/8 ([][]x[][])\OMS/cmsy/m/n/8 f\OT1/pcr/m/n/8 x[[][]2[][]]\OMS/cmsy/m/n/8 g\OT
1/pcr/m/n/8 )))[][] 
 []

[26]
Package color Info: Redefining color shadecolor on input line 2037.
LaTeX Font Info:    Font shape `OT1/pcr/bx/n' in size <7> not available
(Font)              Font shape `OT1/pcr/b/n' tried instead on input line 2040.
LaTeX Font Info:    Font shape `OMS/pcr/m/n' in size <7> not available
(Font)              Font shape `OMS/cmsy/m/n' tried instead on input line 2049.

 [27] [28]
Underfull \vbox (badness 10000) detected at line 2222
 []


Underfull \vbox (badness 10000) detected at line 2222
 []

[29]
Package color Info: Redefining color shadecolor on input line 2230.

Overfull \hbox (33.14542pt too wide) in paragraph at lines 2234--2234
[][]\OT1/pcr/m/n/8 zc3[] []<-[] []\OT1/pcr/b/n/8 as.integer[][]\OT1/pcr/m/n/8 (
[][]\OT1/pcr/b/n/8 unlist[][]\OT1/pcr/m/n/8 ([][]\OT1/pcr/b/n/8 lapply[][]\OT1/
pcr/m/n/8 ([][]\OT1/pcr/b/n/8 strsplit[][]\OT1/pcr/m/n/8 (zr3[[][]1[][]:[][]\OT
1/pcr/b/n/8 min[][]\OT1/pcr/m/n/8 ([][]100[][],[][]\OT1/pcr/b/n/8 length[][]\OT
1/pcr/m/n/8 (zr3))],[][]\TS1/pcr/m/n/8 '\OT1/pcr/m/n/8 :\TS1/pcr/m/n/8 '[][]\OT
1/pcr/m/n/8 ,[][]fixed[][]=[][]TRUE[][]),[][]\OT1/pcr/b/n/8 function[][]\OT1/pc
r/m/n/8 ([][]x[][])\OMS/cmsy/m/n/8 f\OT1/pcr/m/n/8 x[[][]2[][]]\OMS/cmsy/m/n/8 
g\OT1/pcr/m/n/8 )))[][] 
 []


Overfull \hbox (0.64528pt too wide) in paragraph at lines 2246--2246
[]\OT1/pcr/m/n/8 #   [1]  16115  16615  19117  25748  43500  55857  56591  6578
7  66879  68328  80862  81001  90622[] 
 []


Overfull \hbox (0.64528pt too wide) in paragraph at lines 2246--2246
[]\OT1/pcr/m/n/8 #  [14]  90721  91284 110754 116443 116453 120183 126702 12798
6 129056 147698 153874 159756 160912[] 
 []


Overfull \hbox (0.64528pt too wide) in paragraph at lines 2246--2246
[]\OT1/pcr/m/n/8 #  [27] 161271 170686 180314 181477 182139 196862 196864 19916
6 206132 206143 221888 234931 242276[] 
 []


Overfull \hbox (0.64528pt too wide) in paragraph at lines 2246--2246
[]\OT1/pcr/m/n/8 #  [40] 242914 244505 268954 274655 282391 282511 283646 28936
3 311952 312625 314132 326217 371008[] 
 []


Overfull \hbox (0.64528pt too wide) in paragraph at lines 2246--2246
[]\OT1/pcr/m/n/8 #  [53] 376784 387078 387091 389263 395153 406158 410771 43178
8 438958 438976 443898 447253 448223[] 
 []


Overfull \hbox (0.64528pt too wide) in paragraph at lines 2246--2246
[]\OT1/pcr/m/n/8 #  [66] 452774 488812 495476 498133 501830 501975 504462 50642
2 515441 515595 530113 530114 532320[] 
 []


Overfull \hbox (0.64528pt too wide) in paragraph at lines 2246--2246
[]\OT1/pcr/m/n/8 #  [79] 534149 541667 543095 575081 585297 586276 612732 62258
5 651159 652889 655373 655380 657704[] 
 []

[30]
Package color Info: Redefining color shadecolor on input line 2307.

Overfull \hbox (0.64528pt too wide) in paragraph at lines 2313--2313
[][]\OT1/pcr/m/sl/8 #   subset=as.octmode(\TS1/pcr/m/sl/8 '\OT1/pcr/m/sl/8 35\T
S1/pcr/m/sl/8 '\OT1/pcr/m/sl/8 ) select those with sharing pattern a subset (op
tionally proper) of this[][] 
 []


Overfull \hbox (0.64528pt too wide) in paragraph at lines 2317--2317
[][]\OT1/pcr/m/n/8 showgroup[] []<-[] []\OT1/pcr/b/n/8 function[][]\OT1/pcr/m/n
/8 ([][]p.summ[][]=pat.summaries,[] []sharedBy[][]=[][]0[][]:[][]7[][],[] []sub
set[][]=[][]127[][],[] []split[][]=[][]\OT1/pcr/b/n/8 NULL[][]\OT1/pcr/m/n/8 ,[
] []proper.subset[][]=F,[][] 
 []

[31]
Package color Info: Redefining color shadecolor on input line 2376.
Package color Info: Redefining color shadecolor on input line 2390.
Package color Info: Redefining color shadecolor on input line 2414.
Package color Info: Redefining color shadecolor on input line 2449.
Package color Info: Redefining color shadecolor on input line 2468.
 [32]
Package color Info: Redefining color shadecolor on input line 2509.
 [33]
Package color Info: Redefining color shadecolor on input line 2560.
Package color Info: Redefining color shadecolor on input line 2609.
 [34]
Package color Info: Redefining color shadecolor on input line 2644.
Package color Info: Redefining color shadecolor on input line 2694.
Package color Info: Redefining color shadecolor on input line 2712.
LaTeX Font Info:    Font shape `OT1/pcr/m/it' in size <7> not available
(Font)              Font shape `OT1/pcr/m/sl' tried instead on input line 2714.

LaTeX Font Info:    Font shape `TS1/pcr/m/it' in size <7> not available
(Font)              Font shape `TS1/pcr/m/sl' tried instead on input line 2727.


Overfull \hbox (9.04463pt too wide) in paragraph at lines 2800--2800
[]              []\OT1/pcr/m/n/7 sub2[] []=[] []\OT1/pcr/b/n/7 list[][]\OT1/pcr
/m/n/7 ([][]id[][]=[][]1012[][],[] []length[][]=[][]\OT1/pcr/b/n/7 pat.count[][
]\OT1/pcr/m/n/7 ([][]\TS1/pcr/m/n/7 '\OT1/pcr/m/n/7 040\TS1/pcr/m/n/7 '[][]\OT1
/pcr/m/n/7 ),[] []nb[][]=[][]\TS1/pcr/m/n/7 '\OT1/pcr/m/n/7 d\TS1/pcr/m/n/7 '[]
[]\OT1/pcr/m/n/7 ,[] []where[][]=[][]\TS1/pcr/m/n/7 '\OT1/pcr/m/n/7 Perth, W. A
ustralia\TS1/pcr/m/n/7 '[][]\OT1/pcr/m/n/7 ,[] []alt[][]=[][]\TS1/pcr/m/n/7 '\O
T1/pcr/m/n/7 Perth\TS1/pcr/m/n/7 '[][]\OT1/pcr/m/n/7 ),[] []\OT1/pcr/m/sl/7 #61
[][] 
 []


Overfull \hbox (17.52863pt too wide) in paragraph at lines 2803--2803
[]              []\OT1/pcr/m/n/7 sub1[] []=[] []\OT1/pcr/b/n/7 list[][]\OT1/pcr
/m/n/7 ([][]id[][]=[][]1015[][],[] []length[][]=[][]\OT1/pcr/b/n/7 pat.count[][
]\OT1/pcr/m/n/7 ([][]\TS1/pcr/m/n/7 '\OT1/pcr/m/n/7 004\TS1/pcr/m/n/7 '[][]\OT1
/pcr/m/n/7 ),[][]nb[][]=[][]\TS1/pcr/m/n/7 '\OT1/pcr/m/n/7 c\TS1/pcr/m/n/7 '[][
]\OT1/pcr/m/n/7 ,[] []where[][]=[][]\TS1/pcr/m/n/7 '\OT1/pcr/m/n/7 Washington, 
USA\TS1/pcr/m/n/7 '[][]\OT1/pcr/m/n/7 ,[] []alt[][]=[][]\TS1/pcr/m/n/7 '\OT1/pc
r/m/n/7 Puget Sound\TS1/pcr/m/n/7 '[][]\OT1/pcr/m/n/7 ),[] []\OT1/pcr/m/sl/7 #2
07[][] 
 []

[35]
Underfull \vbox (badness 10000) detected at line 2815
 []


Underfull \vbox (badness 10000) detected at line 2815
 []

[36]
Package color Info: Redefining color shadecolor on input line 2822.
LaTeX Font Info:    Font shape `OMS/pcr/m/it' in size <7> not available
(Font)              Font shape `OMS/cmsy/m/n' tried instead on input line 2870.


Overfull \hbox (13.24463pt too wide) in paragraph at lines 2920--2920
[]  []\OT1/pcr/b/n/7 plot[][]\OT1/pcr/m/n/7 ([][]0[][],[][]0[][],[] []type[][]=
[][]\TS1/pcr/m/n/7 '\OT1/pcr/m/n/7 n\TS1/pcr/m/n/7 '[][]\OT1/pcr/m/n/7 ,[] []bt
y[][]=[][]\TS1/pcr/m/n/7 '\OT1/pcr/m/n/7 n\TS1/pcr/m/n/7 '[][]\OT1/pcr/m/n/7 ,[
] []xaxt[][]=[][]\TS1/pcr/m/n/7 '\OT1/pcr/m/n/7 n\TS1/pcr/m/n/7 '[][]\OT1/pcr/m
/n/7 ,[] []yaxt[][]=[][]\TS1/pcr/m/n/7 '\OT1/pcr/m/n/7 n\TS1/pcr/m/n/7 '[][]\OT
1/pcr/m/n/7 ,[] []xlab[][]=[][]\TS1/pcr/m/n/7 ''[][]\OT1/pcr/m/n/7 ,[] []ylab[]
[]=[][]\TS1/pcr/m/n/7 ''[][]\OT1/pcr/m/n/7 ,[] []xlim[][]=[][]\OT1/pcr/b/n/7 c[
][]\OT1/pcr/m/n/7 ([][]0[][],provisional.tree.x.lim),[] []ylim[][]=[][]\OT1/pcr
/b/n/7 c[][]\OT1/pcr/m/n/7 ([][]0[][],[][]7[][]))[][] 
 []


Overfull \hbox (8.8391pt too wide) in paragraph at lines 2953--2953
[]  []\OT1/pcr/b/n/7 if[][]\OT1/pcr/m/n/7 (pltdebug)\OMS/cmsy/m/n/7 f[][]\OT1/p
cr/b/n/7 cat[][]\OT1/pcr/m/n/7 ([][]\TS1/pcr/m/n/7 '\OT1/pcr/m/n/7 Plot width h
acking:\TS1/pcr/m/n/7 '[][]\OT1/pcr/m/n/7 , provisional.tree.x.lim, tree.x.lim,
 tree.x.lim[][]/[][]1.03[][]/[][]\OT1/pcr/b/n/7 max[][]\OT1/pcr/m/n/7 (tip), cl
ade.dx)\OMS/cmsy/m/n/7 g[][] 
 []

[37]
Underfull \vbox (badness 10000) detected at line 3114
 []


Underfull \vbox (badness 10000) detected at line 3114
 []

[38]
Underfull \vbox (badness 10000) detected at line 3114
 []


Underfull \vbox (badness 10000) detected at line 3114
 []

[39]
Package color Info: Redefining color shadecolor on input line 3117.
 [40]
Package color Info: Redefining color shadecolor on input line 3151.

<figs-mine/paperfig-medium-tree-Chr1-qfiltered.pdf, id=254, 578.16pt x 361.35pt
>
File: figs-mine/paperfig-medium-tree-Chr1-qfiltered.pdf Graphic file (type pdf)

 <use figs-mine/paperfig-medium-tree-Chr1-qfiltered.pdf>
Package pdftex.def Info: figs-mine/paperfig-medium-tree-Chr1-qfiltered.pdf used
 on input line 3179.
(pdftex.def)             Requested size: 578.15858pt x 361.34912pt.

Overfull \hbox (36.13358pt too wide) in paragraph at lines 3178--3180
[]| [] 
 []

Package color Info: Redefining color shadecolor on input line 3185.
Package color Info: Redefining color shadecolor on input line 3197.

</homes/gws/ruzzo/Documents/g/projects/thaps/Thaps_7_strains/scripts/larrys/sha
red-snps/figs-knitr/newick-Chr1-qfiltered-tree-loose-1.pdf, id=256, 650.43pt x 
361.35pt>
File: /homes/gws/ruzzo/Documents/g/projects/thaps/Thaps_7_strains/scripts/larry
s/shared-snps/figs-knitr/newick-Chr1-qfiltered-tree-loose-1.pdf Graphic file (t
ype pdf)

<use /homes/gws/ruzzo/Documents/g/projects/thaps/Thaps_7_strains/scripts/larrys
/shared-snps/figs-knitr/newick-Chr1-qfiltered-tree-loose-1.pdf>
Package pdftex.def Info: /homes/gws/ruzzo/Documents/g/projects/thaps/Thaps_7_st
rains/scripts/larrys/shared-snps/figs-knitr/newick-Chr1-qfiltered-tree-loose-1.
pdf used on input line 3204.
(pdftex.def)             Requested size: 469.75502pt x 260.98232pt.
Package color Info: Redefining color shadecolor on input line 3217.

</homes/gws/ruzzo/Documents/g/projects/thaps/Thaps_7_strains/scripts/larrys/sha
red-snps/figs-knitr/newick-Chr1-qfiltered-tree-medium-1.pdf, id=258, 650.43pt x
 361.35pt>
File: /homes/gws/ruzzo/Documents/g/projects/thaps/Thaps_7_strains/scripts/larry
s/shared-snps/figs-knitr/newick-Chr1-qfiltered-tree-medium-1.pdf Graphic file (
type pdf)

<use /homes/gws/ruzzo/Documents/g/projects/thaps/Thaps_7_strains/scripts/larrys
/shared-snps/figs-knitr/newick-Chr1-qfiltered-tree-medium-1.pdf>
Package pdftex.def Info: /homes/gws/ruzzo/Documents/g/projects/thaps/Thaps_7_st
rains/scripts/larrys/shared-snps/figs-knitr/newick-Chr1-qfiltered-tree-medium-1
.pdf used on input line 3227.
(pdftex.def)             Requested size: 469.75502pt x 260.98232pt.
Package color Info: Redefining color shadecolor on input line 3240.

</homes/gws/ruzzo/Documents/g/projects/thaps/Thaps_7_strains/scripts/larrys/sha
red-snps/figs-knitr/newick-Chr1-qfiltered-tree-strict-1.pdf, id=260, 650.43pt x
 361.35pt>
File: /homes/gws/ruzzo/Documents/g/projects/thaps/Thaps_7_strains/scripts/larry
s/shared-snps/figs-knitr/newick-Chr1-qfiltered-tree-strict-1.pdf Graphic file (
type pdf)

<use /homes/gws/ruzzo/Documents/g/projects/thaps/Thaps_7_strains/scripts/larrys
/shared-snps/figs-knitr/newick-Chr1-qfiltered-tree-strict-1.pdf>
Package pdftex.def Info: /homes/gws/ruzzo/Documents/g/projects/thaps/Thaps_7_st
rains/scripts/larrys/shared-snps/figs-knitr/newick-Chr1-qfiltered-tree-strict-1
.pdf used on input line 3247.
(pdftex.def)             Requested size: 469.75502pt x 260.98232pt.
Package color Info: Redefining color shadecolor on input line 3260.
 [41] [42 <./figs-mine/paperfig-medium-tree-Chr1-qfiltered.pdf>] [43 </homes/gw
s/ruzzo/Documents/g/projects/thaps/Thaps_7_strains/scripts/larrys/shared-snps/f
igs-knitr/newick-Chr1-qfiltered-tree-loose-1.pdf> </homes/gws/ruzzo/Documents/g
/projects/thaps/Thaps_7_strains/scripts/larrys/shared-snps/figs-knitr/newick-Ch
r1-qfiltered-tree-medium-1.pdf>]
</homes/gws/ruzzo/Documents/g/projects/thaps/Thaps_7_strains/scripts/larrys/sha
red-snps/figs-knitr/newick-Chr1-qfiltered-tree-unfiltered-1.pdf, id=305, 650.43
pt x 361.35pt>
File: /homes/gws/ruzzo/Documents/g/projects/thaps/Thaps_7_strains/scripts/larry
s/shared-snps/figs-knitr/newick-Chr1-qfiltered-tree-unfiltered-1.pdf Graphic fi
le (type pdf)

<use /homes/gws/ruzzo/Documents/g/projects/thaps/Thaps_7_strains/scripts/larrys
/shared-snps/figs-knitr/newick-Chr1-qfiltered-tree-unfiltered-1.pdf>
Package pdftex.def Info: /homes/gws/ruzzo/Documents/g/projects/thaps/Thaps_7_st
rains/scripts/larrys/shared-snps/figs-knitr/newick-Chr1-qfiltered-tree-unfilter
ed-1.pdf used on input line 3267.
(pdftex.def)             Requested size: 469.75502pt x 260.98232pt.
Package color Info: Redefining color shadecolor on input line 3282.
Package color Info: Redefining color shadecolor on input line 3312.
 [44 </homes/gws/ruzzo/Documents/g/projects/thaps/Thaps_7_strains/scripts/larry
s/shared-snps/figs-knitr/newick-Chr1-qfiltered-tree-strict-1.pdf>]
Package color Info: Redefining color shadecolor on input line 3339.
Package color Info: Redefining color shadecolor on input line 3369.
 [45 </homes/gws/ruzzo/Documents/g/projects/thaps/Thaps_7_strains/scripts/larry
s/shared-snps/figs-knitr/newick-Chr1-qfiltered-tree-unfiltered-1.pdf>]
Package color Info: Redefining color shadecolor on input line 3398.
Package color Info: Redefining color shadecolor on input line 3430.
 [46]
Package color Info: Redefining color shadecolor on input line 3479.

Overfull \hbox (10.24529pt too wide) in paragraph at lines 3550--3550
[]\OT1/pcr/m/n/8 # root: 177 ; shared: 6449 .  max l 077 , max r 010 , max both
 010 , min cross 010 , min ratio 010 .[] 
 []

[47]
Package color Info: Redefining color shadecolor on input line 3560.
Package color Info: Redefining color shadecolor on input line 3595.
 [48]
Package color Info: Redefining color shadecolor on input line 3630.
Package color Info: Redefining color shadecolor on input line 3666.
 [49]
Underfull \vbox (badness 10000) detected at line 3776
 []


Underfull \vbox (badness 10000) detected at line 3776
 []

[50]
Package color Info: Redefining color shadecolor on input line 3782.
Package color Info: Redefining color shadecolor on input line 3812.
 [51]
Package color Info: Redefining color shadecolor on input line 3850.
Package color Info: Redefining color shadecolor on input line 3869.
 [52]
Package color Info: Redefining color shadecolor on input line 3925.
 [53]
Package color Info: Redefining color shadecolor on input line 4000.
Package color Info: Redefining color shadecolor on input line 4020.

Overfull \hbox (29.4453pt too wide) in paragraph at lines 4042--4042
[]  []\OT1/pcr/m/n/8 bcor[i][] []<-[] []\OT1/pcr/b/n/8 cor[][]\OT1/pcr/m/n/8 (p
attern.counts[[[][]2[][]]][,[][]2[][]],boot.counts[[[][]2[][]]][,[][]2[][]])[] 
[]\OT1/pcr/m/sl/8 # just curious - how correlated are they?[][] 
 []

[54]
Package color Info: Redefining color shadecolor on input line 4100.

Overfull \hbox (15.04529pt too wide) in paragraph at lines 4102--4102
[][]\OT1/pcr/m/sl/8 # \TS1/pcr/m/sl/8 '\OT1/pcr/m/sl/8 opt\TS1/pcr/m/sl/8 ' \OT
1/pcr/m/sl/8 hacking is trying to force knitr to show more digits of bcor in su
mmary, as Rstudio does, but[][] 
 []


Overfull \hbox (19.84529pt too wide) in paragraph at lines 4103--4103
[][]\OT1/pcr/m/sl/8 # it still fails...  Bottom line is the correlation seems t
o be  > .999 in all samples, rounds to 1.0,[][] 
 []


Overfull \hbox (53.44531pt too wide) in paragraph at lines 4119--4119
[]\OT1/pcr/m/n/8 #          Min.            1st Qu.         Median          Mea
n            3rd Qu.         Max.            sd[] 
 []


Overfull \hbox (115.84535pt too wide) in paragraph at lines 4119--4119
[]\OT1/pcr/m/n/8 # bcor     "   0.99990971" "   0.99996074" "   0.99996325" "  
 0.99995328" "   0.99996497" "   0.99996773" "   0.00002449"[] 
 []


Overfull \hbox (115.84535pt too wide) in paragraph at lines 4119--4119
[]\OT1/pcr/m/n/8 # b52cross "6904"          "6948"          "6960"          "69
74.8"        "6995"          "7067"          "  60.94833878"[] 
 []


Overfull \hbox (111.04535pt too wide) in paragraph at lines 4119--4119
[]\OT1/pcr/m/n/8 # b61cross "6319"          "6326"          "6348"          "63
49.2"        "6376"          "6377"          "  27.1237903"[] 
 []


Overfull \hbox (115.84535pt too wide) in paragraph at lines 4119--4119
[]\OT1/pcr/m/n/8 # b61-b52  "-719"          "-622"          "-618"          "-6
25.6"        "-585"          "-584"          "  55.16611279"[] 
 []


Overfull \hbox (72.64532pt too wide) in paragraph at lines 4119--4119
[]\OT1/pcr/m/n/8 # % rev    " 100"          " 100"          " 100"          " 1
00"          " 100"          " 100"          "   0"[] 
 []

[55]
Package color Info: Redefining color shadecolor on input line 4210.
Package color Info: Redefining color shadecolor on input line 4218.

</homes/gws/ruzzo/Documents/g/projects/thaps/Thaps_7_strains/scripts/larrys/sha
red-snps/figs-knitr/share-plot-1.pdf, id=377, 578.16pt x 361.35pt>
File: /homes/gws/ruzzo/Documents/g/projects/thaps/Thaps_7_strains/scripts/larry
s/shared-snps/figs-knitr/share-plot-1.pdf Graphic file (type pdf)

<use /homes/gws/ruzzo/Documents/g/projects/thaps/Thaps_7_strains/scripts/larrys
/shared-snps/figs-knitr/share-plot-1.pdf>
Package pdftex.def Info: /homes/gws/ruzzo/Documents/g/projects/thaps/Thaps_7_st
rains/scripts/larrys/shared-snps/figs-knitr/share-plot-1.pdf used on input line
 4231.
(pdftex.def)             Requested size: 469.75502pt x 293.59616pt.
 [56]
Package color Info: Redefining color shadecolor on input line 4252.

Overfull \hbox (475.84558pt too wide) in paragraph at lines 4254--4254
[][]\OT1/pcr/m/n/8 newick.chr1.loose[] []<-[] []\TS1/pcr/m/n/8 '\OT1/pcr/m/n/8 
(((tp3367_Italy:4551,tp1013_Wales:4954):5920,(((tp1007_Virginia:10,tp1012_Austr
alia:29):9,(tp1015_Puget_Sound:90,tp1335_NY:13):11):320,tp1014_Gyre:22):3484):8
593,outgroup:0);\TS1/pcr/m/n/8 '[][] 
 []

<00old/shared-snp-tree-annotated-v1.pdf, id=393, 614.295pt x 794.97pt>
File: 00old/shared-snp-tree-annotated-v1.pdf Graphic file (type pdf)

<use 00old/shared-snp-tree-annotated-v1.pdf>
Package pdftex.def Info: 00old/shared-snp-tree-annotated-v1.pdf used on input l
ine 4267.
(pdftex.def)             Requested size: 307.14674pt x 397.48402pt.
Package color Info: Redefining color shadecolor on input line 4284.

Overfull \hbox (528.64561pt too wide) in paragraph at lines 4286--4286
[][]\OT1/pcr/m/n/8 newick.chr1.med[] []<-[] []\TS1/pcr/m/n/8 '\OT1/pcr/m/n/8 ((
(tp3367_Italy:8813,tp1013_Wales:9652):9365,(((e_tp1007_Virginia:30,d_tp1012_Aus
tralia:61):19,(c_tp1015_Puget_Sound:207,b_tp1335_NY:41):18):1005,a_tp1014_Gyre:
61):3912):7054,outgroup:0);\TS1/pcr/m/n/8 '[][] 
 []

Package color Info: Redefining color shadecolor on input line 4301.

Overfull \hbox (454.24431pt too wide) in paragraph at lines 4334--4334
[][]\OT1/pcr/m/n/7 oldwick.medium[] []<-[] []\TS1/pcr/m/n/7 '\OT1/pcr/m/n/7 (((
CCMP3367_Italy:8813,CCMP1013_Wales:9652):9365,(((e_CCMP1007_Virginia:30,d_CCMP1
012_Australia:61):19,(c_CCMP1015_Puget_Sound:207,b_CCMP1335_NY:41):18):1005,a_C
CMP1014_NPG:61):3912):7054,outgroup:0);\TS1/pcr/m/n/7 '[][] 
 []


Overfull \hbox (156.04453pt too wide) in paragraph at lines 4336--4336
[][]\OT1/pcr/m/n/7 simple.oldwick.medium[] []<-[] []\TS1/pcr/m/n/7 '\OT1/pcr/m/
n/7 (((Italy:8813,Wales:9652):9365,(((Virginia:30,Australia:61):19,(Puget:207,N
Y:41):18):1005,Gyre:61):3912):7054,outgroup:0);\TS1/pcr/m/n/7 '[][] 
 []

[57 </homes/gws/ruzzo/Documents/g/projects/thaps/Thaps_7_strains/scripts/larrys
/shared-snps/figs-knitr/share-plot-1.pdf>] [58 <./00old/shared-snp-tree-annotat
ed-v1.pdf>]
Package color Info: Redefining color shadecolor on input line 4359.

</homes/gws/ruzzo/Documents/g/projects/thaps/Thaps_7_strains/scripts/larrys/sha
red-snps/figs-knitr/newick-Chr1-qfiltered-tree-medium-unlabeled-1.pdf, id=415, 
578.16pt x 361.35pt>
File: /homes/gws/ruzzo/Documents/g/projects/thaps/Thaps_7_strains/scripts/larry
s/shared-snps/figs-knitr/newick-Chr1-qfiltered-tree-medium-unlabeled-1.pdf Grap
hic file (type pdf)

<use /homes/gws/ruzzo/Documents/g/projects/thaps/Thaps_7_strains/scripts/larrys
/shared-snps/figs-knitr/newick-Chr1-qfiltered-tree-medium-unlabeled-1.pdf>
Package pdftex.def Info: /homes/gws/ruzzo/Documents/g/projects/thaps/Thaps_7_st
rains/scripts/larrys/shared-snps/figs-knitr/newick-Chr1-qfiltered-tree-medium-u
nlabeled-1.pdf used on input line 4369.
(pdftex.def)             Requested size: 252.94499pt x 158.09024pt.
Package color Info: Redefining color shadecolor on input line 4382.

</homes/gws/ruzzo/Documents/g/projects/thaps/Thaps_7_strains/scripts/larrys/sha
red-snps/figs-knitr/newick-Chr1-qfiltered-tree-medium-unlabeled-shortscale-1.pd
f, id=417, 578.16pt x 361.35pt>
File: /homes/gws/ruzzo/Documents/g/projects/thaps/Thaps_7_strains/scripts/larry
s/shared-snps/figs-knitr/newick-Chr1-qfiltered-tree-medium-unlabeled-shortscale
-1.pdf Graphic file (type pdf)

<use /homes/gws/ruzzo/Documents/g/projects/thaps/Thaps_7_strains/scripts/larrys
/shared-snps/figs-knitr/newick-Chr1-qfiltered-tree-medium-unlabeled-shortscale-
1.pdf>
Package pdftex.def Info: /homes/gws/ruzzo/Documents/g/projects/thaps/Thaps_7_st
rains/scripts/larrys/shared-snps/figs-knitr/newick-Chr1-qfiltered-tree-medium-u
nlabeled-shortscale-1.pdf used on input line 4389.
(pdftex.def)             Requested size: 252.94499pt x 158.09024pt.
Package color Info: Redefining color shadecolor on input line 4402.

Overfull \hbox (374.44437pt too wide) in paragraph at lines 4404--4404
[][]\OT1/pcr/m/n/7 fullgenome.newick.medium[] []<-[] []\TS1/pcr/m/n/7 '\OT1/pcr
/m/n/7 (((3367_Italy:86155,1013_Wales:95697):89598,(((e_1007_VA:330,d_1012_Aust
ralia:632):1296,(c_1015_WA:2113,b_1335_NY:658):480):10059,a_1014_NPG:568):39517
):69526,outgroup:0);\TS1/pcr/m/n/7 '[][] 
 []

[59] [60 </homes/gws/ruzzo/Documents/g/projects/thaps/Thaps_7_strains/scripts/l
arrys/shared-snps/figs-knitr/newick-Chr1-qfiltered-tree-medium-unlabeled-1.pdf>
 </homes/gws/ruzzo/Documents/g/projects/thaps/Thaps_7_strains/scripts/larrys/sh
ared-snps/figs-knitr/newick-Chr1-qfiltered-tree-medium-unlabeled-shortscale-1.p
df>]
Package color Info: Redefining color shadecolor on input line 4439.

</homes/gws/ruzzo/Documents/g/projects/thaps/Thaps_7_strains/scripts/larrys/sha
red-snps/figs-knitr/fullgenome-tree-medium-1.pdf, id=443, 578.16pt x 505.89pt>
File: /homes/gws/ruzzo/Documents/g/projects/thaps/Thaps_7_strains/scripts/larry
s/shared-snps/figs-knitr/fullgenome-tree-medium-1.pdf Graphic file (type pdf)

<use /homes/gws/ruzzo/Documents/g/projects/thaps/Thaps_7_strains/scripts/larrys
/shared-snps/figs-knitr/fullgenome-tree-medium-1.pdf>
Package pdftex.def Info: /homes/gws/ruzzo/Documents/g/projects/thaps/Thaps_7_st
rains/scripts/larrys/shared-snps/figs-knitr/fullgenome-tree-medium-1.pdf used o
n input line 4454.
(pdftex.def)             Requested size: 469.75502pt x 411.0346pt.
 [61] [62 </homes/gws/ruzzo/Documents/g/projects/thaps/Thaps_7_strains/scripts/
larrys/shared-snps/figs-knitr/fullgenome-tree-medium-1.pdf>]
Package atveryend Info: Empty hook `BeforeClearDocument' on input line 4468.
 [63]
Package atveryend Info: Empty hook `AfterLastShipout' on input line 4468.
 (./shared-snps-chr1-qfiltered.aux)
Package atveryend Info: Executing hook `AtVeryEndDocument' on input line 4468.
Package atveryend Info: Empty hook `AtEndAfterFileList' on input line 4468.
Package atveryend Info: Empty hook `AtVeryVeryEnd' on input line 4468.
 ) 
Here is how much of TeX's memory you used:
 7323 strings out of 495063
 111107 string characters out of 3182181
 336864 words of memory out of 3000000
 10250 multiletter control sequences out of 15000+200000
 32032 words of font info for 76 fonts, out of 3000000 for 9000
 14 hyphenation exceptions out of 8191
 29i,7n,32p,1770b,485s stack positions out of 5000i,500n,10000p,200000b,50000s
{/usr/share/texlive/texmf-dist/fonts/enc/dvips/base/8r.enc}</usr/share/texliv
e/texmf-dist/fonts/type1/public/amsfonts/cm/cmmi10.pfb></usr/share/texlive/texm
f-dist/fonts/type1/public/amsfonts/cm/cmr10.pfb></usr/share/texlive/texmf-dist/
fonts/type1/public/amsfonts/cm/cmr7.pfb></usr/share/texlive/texmf-dist/fonts/ty
pe1/public/amsfonts/cm/cmsy10.pfb></usr/share/texlive/texmf-dist/fonts/type1/pu
blic/amsfonts/cm/cmsy7.pfb></usr/share/texlive/texmf-dist/fonts/type1/public/am
sfonts/cm/cmsy8.pfb></usr/share/texlive/texmf-dist/fonts/type1/urw/courier/ucrb
8a.pfb></usr/share/texlive/texmf-dist/fonts/type1/urw/courier/ucrr8a.pfb></usr/
share/texlive/texmf-dist/fonts/type1/urw/courier/ucrro8a.pfb></usr/share/texliv
e/texmf-dist/fonts/type1/urw/times/utmb8a.pfb></usr/share/texlive/texmf-dist/fo
nts/type1/urw/times/utmr8a.pfb></usr/share/texlive/texmf-dist/fonts/type1/urw/t
imes/utmr8a.pfb></usr/share/texlive/texmf-dist/fonts/type1/urw/times/utmri8a.pf
b>
Output written on shared-snps-chr1-qfiltered.pdf (63 pages, 748695 bytes).
PDF statistics:
 617 PDF objects out of 1000 (max. 8388607)
 513 compressed objects within 6 object streams
 123 named destinations out of 1000 (max. 500000)
 259 words of extra memory for PDF output out of 10000 (max. 10000000)

